<?xml version="1.0" encoding="UTF-8"?>
<!-- Generated by org.testng.reporters.JUnitReportReporter -->
<testsuite hostname="LAPTOP-58IR3VEO" failures="0" tests="3" name="Test.foutrh" time="0.003" errors="0" timestamp="2022-04-07T15:12:49 EDT" skipped="0">
  <testcase classname="Test.foutrh" name="WebLoginHomeLoan" time="0.001"/>
  <system-out/>
  <testcase classname="Test.foutrh" name="APILoginHomeLoan" time="0.001"/>
  <system-out/>
  <testcase classname="Test.foutrh" name="MobileLoginHomeLoan" time="0.001"/>
  <system-out/>
</testsuite> <!-- Test.foutrh -->
