<?xml version="1.0" encoding="UTF-8"?>
<!-- Generated by org.testng.reporters.JUnitReportReporter -->
<testsuite hostname="LAPTOP-58IR3VEO" failures="0" tests="5" name="Test.Third" time="0.005" errors="0" timestamp="2022-04-07T15:12:49 EDT" skipped="1">
  <testcase classname="Test.Third" name="MobileSignOutCarLoan" time="0.001"/>
  <system-out/>
  <testcase classname="Test.Third" name="MobileLoginCarLoan" time="0.002"/>
  <system-out/>
  <testcase classname="Test.Third" name="MobileSignCarLoan" time="0.001"/>
  <system-out/>
  <testcase classname="Test.Third" name="WebLoginCarLoan" time="0.001"/>
  <system-out/>
  <testcase classname="Test.Third" name="APILoginCarLoan">
    <skipped/>
  </testcase> <!-- APILoginCarLoan -->
  <system-out/>
</testsuite> <!-- Test.Third -->
